2025-01-19 13:58:44,410 - __main__ - INFO - 日志将保存到: /Users/hsiangyu/Inbox/Podcast2RSS/logs/podcast_rss_20250119_135844.log
2025-01-19 13:58:44,411 - __main__ - INFO - 共有 10 个播客需要处理
2025-01-19 13:58:44,411 - __main__ - INFO - 开始更新播客订阅数据...
2025-01-19 13:58:51,842 - core.podcast - INFO - 更新订阅信息
2025-01-19 13:58:51,842 - core.podcast - INFO - 所有播客总集数: 7901
2025-01-19 13:58:52,412 - core.podcast - INFO - 保存了 23 个剧集到: /Users/hsiangyu/Inbox/Podcast2RSS/data/episodes/63b7dd49289d2739647d9587.json
2025-01-19 13:58:52,412 - core.podcast - INFO - 获取到 23 个剧集
2025-01-19 13:58:52,412 - core.podcast - INFO - 处理完成: 63b7dd49289d2739647d9587, 耗时: 0.57秒
2025-01-19 13:58:53,424 - core.podcast - INFO - 保存了 52 个剧集到: /Users/hsiangyu/Inbox/Podcast2RSS/data/episodes/65257ff6e8ce9deaf70a65e9.json
2025-01-19 13:58:53,425 - core.podcast - INFO - 获取到 52 个剧集
2025-01-19 13:58:53,425 - core.podcast - INFO - 处理完成: 65257ff6e8ce9deaf70a65e9, 耗时: 1.01秒
2025-01-19 13:58:55,654 - core.podcast - INFO - 保存了 113 个剧集到: /Users/hsiangyu/Inbox/Podcast2RSS/data/episodes/61dd99a47b29652ff572257b.json
2025-01-19 13:58:55,654 - core.podcast - INFO - 获取到 113 个剧集
2025-01-19 13:58:55,654 - core.podcast - INFO - 处理完成: 61dd99a47b29652ff572257b, 耗时: 2.23秒
2025-01-19 13:58:57,701 - core.podcast - INFO - 保存了 92 个剧集到: /Users/hsiangyu/Inbox/Podcast2RSS/data/episodes/6388760f22567e8ea6ad070f.json
2025-01-19 13:58:57,701 - core.podcast - INFO - 获取到 92 个剧集
2025-01-19 13:58:57,701 - core.podcast - INFO - 处理完成: 6388760f22567e8ea6ad070f, 耗时: 2.05秒
2025-01-19 13:58:58,574 - core.podcast - INFO - 保存了 35 个剧集到: /Users/hsiangyu/Inbox/Podcast2RSS/data/episodes/648b0b641c48983391a63f98.json
2025-01-19 13:58:58,575 - core.podcast - INFO - 获取到 35 个剧集
2025-01-19 13:58:58,575 - core.podcast - INFO - 处理完成: 648b0b641c48983391a63f98, 耗时: 0.87秒
2025-01-19 13:58:59,542 - core.podcast - INFO - 保存了 43 个剧集到: /Users/hsiangyu/Inbox/Podcast2RSS/data/episodes/60502e253c92d4f62c2a9577.json
2025-01-19 13:58:59,542 - core.podcast - INFO - 获取到 43 个剧集
2025-01-19 13:58:59,542 - core.podcast - INFO - 处理完成: 60502e253c92d4f62c2a9577, 耗时: 0.97秒
2025-01-19 13:59:04,310 - core.podcast - INFO - 保存了 231 个剧集到: /Users/hsiangyu/Inbox/Podcast2RSS/data/episodes/6022a180ef5fdaddc30bb101.json
2025-01-19 13:59:04,310 - core.podcast - INFO - 获取到 231 个剧集
2025-01-19 13:59:04,310 - core.podcast - INFO - 处理完成: 6022a180ef5fdaddc30bb101, 耗时: 4.77秒
2025-01-19 13:59:06,334 - core.podcast - INFO - 保存了 108 个剧集到: /Users/hsiangyu/Inbox/Podcast2RSS/data/episodes/5e280faf418a84a0461fbd39.json
2025-01-19 13:59:06,334 - core.podcast - INFO - 获取到 108 个剧集
2025-01-19 13:59:06,334 - core.podcast - INFO - 处理完成: 5e280faf418a84a0461fbd39, 耗时: 2.02秒
2025-01-19 13:59:10,393 - core.podcast - INFO - 保存了 199 个剧集到: /Users/hsiangyu/Inbox/Podcast2RSS/data/episodes/61358d971c5d56efe5bcb5d2.json
2025-01-19 13:59:10,393 - core.podcast - INFO - 获取到 199 个剧集
2025-01-19 13:59:10,394 - core.podcast - INFO - 处理完成: 61358d971c5d56efe5bcb5d2, 耗时: 4.06秒
2025-01-19 13:59:13,880 - core.podcast - INFO - 保存了 152 个剧集到: /Users/hsiangyu/Inbox/Podcast2RSS/data/episodes/62c6ae08c4eaa82b112b9c84.json
2025-01-19 13:59:13,880 - core.podcast - INFO - 获取到 152 个剧集
2025-01-19 13:59:13,880 - core.podcast - INFO - 处理完成: 62c6ae08c4eaa82b112b9c84, 耗时: 3.49秒
2025-01-19 13:59:13,881 - __main__ - INFO - [1/10] 开始处理播客：出海相对论
2025-01-19 13:59:13,881 - __main__ - INFO - 正在获取播客数据...
2025-01-19 13:59:14,763 - core.podcast - INFO - 保存了 23 个剧集到: /Users/hsiangyu/Inbox/Podcast2RSS/data/episodes/63b7dd49289d2739647d9587.json
2025-01-19 13:59:14,763 - __main__ - INFO - 获取到 23 个剧集
2025-01-19 13:59:14,763 - __main__ - INFO - 检测到新的转写内容，正在生成RSS...
2025-01-19 13:59:14,790 - core.rss - INFO - RSS生成成功: 63b7dd49289d2739647d9587
2025-01-19 13:59:14,791 - __main__ - INFO - 播客 出海相对论 处理完成，耗时：0.91秒
2025-01-19 13:59:14,791 - __main__ - INFO - [2/10] 开始处理播客：人民公园说AI
2025-01-19 13:59:14,791 - __main__ - INFO - 正在获取播客数据...
2025-01-19 13:59:15,831 - core.podcast - INFO - 保存了 52 个剧集到: /Users/hsiangyu/Inbox/Podcast2RSS/data/episodes/65257ff6e8ce9deaf70a65e9.json
2025-01-19 13:59:15,831 - __main__ - INFO - 获取到 52 个剧集
2025-01-19 13:59:15,832 - __main__ - INFO - 检测到新的转写内容，正在生成RSS...
2025-01-19 13:59:15,887 - core.rss - INFO - RSS生成成功: 65257ff6e8ce9deaf70a65e9
2025-01-19 13:59:15,889 - __main__ - INFO - 播客 人民公园说AI 处理完成，耗时：1.10秒
2025-01-19 13:59:15,889 - __main__ - INFO - [3/10] 开始处理播客：起朱楼宴宾客
2025-01-19 13:59:15,889 - __main__ - INFO - 正在获取播客数据...
2025-01-19 13:59:18,228 - core.podcast - INFO - 保存了 113 个剧集到: /Users/hsiangyu/Inbox/Podcast2RSS/data/episodes/61dd99a47b29652ff572257b.json
2025-01-19 13:59:18,229 - __main__ - INFO - 获取到 113 个剧集
2025-01-19 13:59:18,229 - __main__ - INFO - 检测到新的转写内容，正在生成RSS...
2025-01-19 13:59:18,297 - core.rss - INFO - RSS生成成功: 61dd99a47b29652ff572257b
2025-01-19 13:59:18,298 - __main__ - INFO - 播客 起朱楼宴宾客 处理完成，耗时：2.41秒
2025-01-19 13:59:18,298 - __main__ - INFO - [4/10] 开始处理播客：面基
2025-01-19 13:59:18,298 - __main__ - INFO - 正在获取播客数据...
2025-01-19 13:59:20,498 - core.podcast - INFO - 保存了 92 个剧集到: /Users/hsiangyu/Inbox/Podcast2RSS/data/episodes/6388760f22567e8ea6ad070f.json
2025-01-19 13:59:20,498 - __main__ - INFO - 获取到 92 个剧集
2025-01-19 13:59:20,498 - __main__ - INFO - 检测到新的转写内容，正在生成RSS...
2025-01-19 13:59:20,583 - core.rss - INFO - RSS生成成功: 6388760f22567e8ea6ad070f
2025-01-19 13:59:20,585 - __main__ - INFO - 播客 面基 处理完成，耗时：2.29秒
2025-01-19 13:59:20,585 - __main__ - INFO - [5/10] 开始处理播客：42章经
2025-01-19 13:59:20,585 - __main__ - INFO - 正在获取播客数据...
2025-01-19 13:59:21,394 - core.podcast - INFO - 保存了 35 个剧集到: /Users/hsiangyu/Inbox/Podcast2RSS/data/episodes/648b0b641c48983391a63f98.json
2025-01-19 13:59:21,394 - __main__ - INFO - 获取到 35 个剧集
2025-01-19 13:59:21,394 - __main__ - INFO - 检测到新的转写内容，正在生成RSS...
2025-01-19 13:59:21,447 - core.rss - INFO - RSS生成成功: 648b0b641c48983391a63f98
2025-01-19 13:59:21,448 - __main__ - INFO - 播客 42章经 处理完成，耗时：0.86秒
2025-01-19 13:59:21,448 - __main__ - INFO - [6/10] 开始处理播客：十字路口Crossing
2025-01-19 13:59:21,448 - __main__ - INFO - 正在获取播客数据...
2025-01-19 13:59:22,431 - core.podcast - INFO - 保存了 43 个剧集到: /Users/hsiangyu/Inbox/Podcast2RSS/data/episodes/60502e253c92d4f62c2a9577.json
2025-01-19 13:59:22,431 - __main__ - INFO - 获取到 43 个剧集
2025-01-19 13:59:22,431 - __main__ - INFO - 检测到新的转写内容，正在生成RSS...
2025-01-19 13:59:22,494 - core.rss - INFO - RSS生成成功: 60502e253c92d4f62c2a9577
2025-01-19 13:59:22,496 - __main__ - INFO - 播客 十字路口Crossing 处理完成，耗时：1.05秒
2025-01-19 13:59:22,496 - __main__ - INFO - [7/10] 开始处理播客：商业就是这样
2025-01-19 13:59:22,496 - __main__ - INFO - 正在获取播客数据...
2025-01-19 13:59:27,341 - core.podcast - INFO - 保存了 231 个剧集到: /Users/hsiangyu/Inbox/Podcast2RSS/data/episodes/6022a180ef5fdaddc30bb101.json
2025-01-19 13:59:27,341 - __main__ - INFO - 获取到 231 个剧集
2025-01-19 13:59:27,341 - __main__ - INFO - 检测到新的转写内容，正在生成RSS...
2025-01-19 13:59:27,388 - core.rss - INFO - RSS生成成功: 6022a180ef5fdaddc30bb101
2025-01-19 13:59:27,389 - __main__ - INFO - 播客 商业就是这样 处理完成，耗时：4.89秒
2025-01-19 13:59:27,389 - __main__ - INFO - [8/10] 开始处理播客：疯投圈
2025-01-19 13:59:27,389 - __main__ - INFO - 正在获取播客数据...
2025-01-19 13:59:29,864 - core.podcast - INFO - 保存了 108 个剧集到: /Users/hsiangyu/Inbox/Podcast2RSS/data/episodes/5e280faf418a84a0461fbd39.json
2025-01-19 13:59:29,864 - __main__ - INFO - 获取到 108 个剧集
2025-01-19 13:59:29,864 - __main__ - INFO - 检测到新的转写内容，正在生成RSS...
2025-01-19 13:59:29,927 - core.rss - INFO - RSS生成成功: 5e280faf418a84a0461fbd39
2025-01-19 13:59:29,928 - __main__ - INFO - 播客 疯投圈 处理完成，耗时：2.54秒
2025-01-19 13:59:29,928 - __main__ - INFO - [9/10] 开始处理播客：乱翻书
2025-01-19 13:59:29,928 - __main__ - INFO - 正在获取播客数据...
2025-01-19 13:59:34,870 - core.podcast - INFO - 保存了 199 个剧集到: /Users/hsiangyu/Inbox/Podcast2RSS/data/episodes/61358d971c5d56efe5bcb5d2.json
2025-01-19 13:59:34,870 - __main__ - INFO - 获取到 199 个剧集
2025-01-19 13:59:34,870 - __main__ - INFO - 检测到新的转写内容，正在生成RSS...
2025-01-19 13:59:34,949 - core.rss - INFO - RSS生成成功: 61358d971c5d56efe5bcb5d2
2025-01-19 13:59:34,951 - __main__ - INFO - 播客 乱翻书 处理完成，耗时：5.02秒
2025-01-19 13:59:34,951 - __main__ - INFO - [10/10] 开始处理播客：高能量
2025-01-19 13:59:34,951 - __main__ - INFO - 正在获取播客数据...
2025-01-19 13:59:38,255 - core.podcast - INFO - 保存了 152 个剧集到: /Users/hsiangyu/Inbox/Podcast2RSS/data/episodes/62c6ae08c4eaa82b112b9c84.json
2025-01-19 13:59:38,256 - __main__ - INFO - 获取到 152 个剧集
2025-01-19 13:59:38,256 - __main__ - INFO - 检测到新的转写内容，正在生成RSS...
2025-01-19 13:59:38,301 - core.rss - INFO - RSS生成成功: 62c6ae08c4eaa82b112b9c84
2025-01-19 13:59:38,303 - __main__ - INFO - 播客 高能量 处理完成，耗时：3.35秒
2025-01-19 13:59:38,303 - __main__ - INFO - 所有播客处理完成，总耗时：53.89秒
