2025-01-22 13:55:12,165 - __main__ - INFO - 日志将保存到: /Users/hsiangyu/Inbox/Podcast2RSS/logs/podcast_rss_20250122_135512.log
2025-01-22 13:55:12,171 - __main__ - INFO - 共有 50 个播客需要处理
2025-01-22 13:55:12,172 - __main__ - INFO - 开始更新播客订阅数据...
2025-01-22 13:55:23,611 - core.podcast - INFO - 更新订阅信息
2025-01-22 13:55:23,611 - core.podcast - INFO - 所有播客总集数: 5952
2025-01-22 13:55:23,944 - core.podcast - INFO - 保存了 3 个剧集到: /Users/hsiangyu/Inbox/Podcast2RSS/data/episodes/63c534ba100c9300109380d9.json
2025-01-22 13:55:23,944 - core.podcast - INFO - 获取到 3 个剧集
2025-01-22 13:55:23,944 - core.podcast - INFO - 处理完成: 63c534ba100c9300109380d9, 耗时: 0.33秒
2025-01-22 13:55:24,532 - core.podcast - INFO - 保存了 23 个剧集到: /Users/hsiangyu/Inbox/Podcast2RSS/data/episodes/63b7dd49289d2739647d9587.json
2025-01-22 13:55:24,532 - core.podcast - INFO - 获取到 23 个剧集
2025-01-22 13:55:24,532 - core.podcast - INFO - 处理完成: 63b7dd49289d2739647d9587, 耗时: 0.59秒
2025-01-22 13:55:25,634 - core.podcast - INFO - 保存了 52 个剧集到: /Users/hsiangyu/Inbox/Podcast2RSS/data/episodes/65257ff6e8ce9deaf70a65e9.json
2025-01-22 13:55:25,634 - core.podcast - INFO - 获取到 52 个剧集
2025-01-22 13:55:25,634 - core.podcast - INFO - 处理完成: 65257ff6e8ce9deaf70a65e9, 耗时: 1.10秒
2025-01-22 13:55:27,902 - core.podcast - INFO - 保存了 114 个剧集到: /Users/hsiangyu/Inbox/Podcast2RSS/data/episodes/61dd99a47b29652ff572257b.json
2025-01-22 13:55:27,903 - core.podcast - INFO - 获取到 114 个剧集
2025-01-22 13:55:27,903 - core.podcast - INFO - 处理完成: 61dd99a47b29652ff572257b, 耗时: 2.27秒
2025-01-22 13:55:29,957 - core.podcast - INFO - 保存了 92 个剧集到: /Users/hsiangyu/Inbox/Podcast2RSS/data/episodes/6388760f22567e8ea6ad070f.json
2025-01-22 13:55:29,957 - core.podcast - INFO - 获取到 92 个剧集
2025-01-22 13:55:29,957 - core.podcast - INFO - 处理完成: 6388760f22567e8ea6ad070f, 耗时: 2.05秒
2025-01-22 13:55:30,812 - core.podcast - INFO - 保存了 35 个剧集到: /Users/hsiangyu/Inbox/Podcast2RSS/data/episodes/648b0b641c48983391a63f98.json
2025-01-22 13:55:30,812 - core.podcast - INFO - 获取到 35 个剧集
2025-01-22 13:55:30,812 - core.podcast - INFO - 处理完成: 648b0b641c48983391a63f98, 耗时: 0.85秒
2025-01-22 13:55:31,655 - core.podcast - INFO - 保存了 44 个剧集到: /Users/hsiangyu/Inbox/Podcast2RSS/data/episodes/60502e253c92d4f62c2a9577.json
2025-01-22 13:55:31,655 - core.podcast - INFO - 获取到 44 个剧集
2025-01-22 13:55:31,655 - core.podcast - INFO - 处理完成: 60502e253c92d4f62c2a9577, 耗时: 0.84秒
2025-01-22 13:55:36,395 - core.podcast - INFO - 保存了 232 个剧集到: /Users/hsiangyu/Inbox/Podcast2RSS/data/episodes/6022a180ef5fdaddc30bb101.json
2025-01-22 13:55:36,395 - core.podcast - INFO - 获取到 232 个剧集
2025-01-22 13:55:36,395 - core.podcast - INFO - 处理完成: 6022a180ef5fdaddc30bb101, 耗时: 4.74秒
2025-01-22 13:55:38,418 - core.podcast - INFO - 保存了 108 个剧集到: /Users/hsiangyu/Inbox/Podcast2RSS/data/episodes/5e280faf418a84a0461fbd39.json
2025-01-22 13:55:38,418 - core.podcast - INFO - 获取到 108 个剧集
2025-01-22 13:55:38,418 - core.podcast - INFO - 处理完成: 5e280faf418a84a0461fbd39, 耗时: 2.02秒
2025-01-22 13:55:42,502 - core.podcast - INFO - 保存了 199 个剧集到: /Users/hsiangyu/Inbox/Podcast2RSS/data/episodes/61358d971c5d56efe5bcb5d2.json
2025-01-22 13:55:42,503 - core.podcast - INFO - 获取到 199 个剧集
2025-01-22 13:55:42,503 - core.podcast - INFO - 处理完成: 61358d971c5d56efe5bcb5d2, 耗时: 4.08秒
2025-01-22 13:55:45,827 - core.podcast - INFO - 保存了 152 个剧集到: /Users/hsiangyu/Inbox/Podcast2RSS/data/episodes/62c6ae08c4eaa82b112b9c84.json
2025-01-22 13:55:45,827 - core.podcast - INFO - 获取到 152 个剧集
2025-01-22 13:55:45,827 - core.podcast - INFO - 处理完成: 62c6ae08c4eaa82b112b9c84, 耗时: 3.32秒
2025-01-22 13:55:46,390 - core.podcast - INFO - 保存了 21 个剧集到: /Users/hsiangyu/Inbox/Podcast2RSS/data/episodes/64259df8179eec5331c4aecc.json
2025-01-22 13:55:46,390 - core.podcast - INFO - 获取到 21 个剧集
2025-01-22 13:55:46,390 - core.podcast - INFO - 处理完成: 64259df8179eec5331c4aecc, 耗时: 0.56秒
2025-01-22 13:55:47,202 - core.podcast - INFO - 保存了 33 个剧集到: /Users/hsiangyu/Inbox/Podcast2RSS/data/episodes/646f194853a5e5ea1408d97c.json
2025-01-22 13:55:47,202 - core.podcast - INFO - 获取到 33 个剧集
2025-01-22 13:55:47,202 - core.podcast - INFO - 处理完成: 646f194853a5e5ea1408d97c, 耗时: 0.81秒
2025-01-22 13:55:48,460 - core.podcast - INFO - 保存了 5 个剧集到: /Users/hsiangyu/Inbox/Podcast2RSS/data/episodes/658057ae3d1caa927acbaf60.json
2025-01-22 13:55:48,461 - core.podcast - INFO - 获取到 5 个剧集
2025-01-22 13:55:48,461 - core.podcast - INFO - 处理完成: 658057ae3d1caa927acbaf60, 耗时: 1.26秒
2025-01-22 13:55:50,445 - core.podcast - INFO - 保存了 103 个剧集到: /Users/hsiangyu/Inbox/Podcast2RSS/data/episodes/5fe5b198dee9c1e16dfb9672.json
2025-01-22 13:55:50,445 - core.podcast - INFO - 获取到 103 个剧集
2025-01-22 13:55:50,445 - core.podcast - INFO - 处理完成: 5fe5b198dee9c1e16dfb9672, 耗时: 1.98秒
2025-01-22 13:55:52,038 - core.podcast - INFO - 保存了 63 个剧集到: /Users/hsiangyu/Inbox/Podcast2RSS/data/episodes/61cbaac48bb4cd867fcabe22.json
2025-01-22 13:55:52,038 - core.podcast - INFO - 获取到 63 个剧集
2025-01-22 13:55:52,038 - core.podcast - INFO - 处理完成: 61cbaac48bb4cd867fcabe22, 耗时: 1.59秒
2025-01-22 13:55:53,252 - core.podcast - INFO - 保存了 69 个剧集到: /Users/hsiangyu/Inbox/Podcast2RSS/data/episodes/5e74543a418a84a046c4e50e.json
2025-01-22 13:55:53,252 - core.podcast - INFO - 获取到 69 个剧集
2025-01-22 13:55:53,252 - core.podcast - INFO - 处理完成: 5e74543a418a84a046c4e50e, 耗时: 1.21秒
2025-01-22 13:55:57,182 - core.podcast - INFO - 保存了 183 个剧集到: /Users/hsiangyu/Inbox/Podcast2RSS/data/episodes/5e5c52c9418a84a04625e6cc.json
2025-01-22 13:55:57,182 - core.podcast - INFO - 获取到 183 个剧集
2025-01-22 13:55:57,182 - core.podcast - INFO - 处理完成: 5e5c52c9418a84a04625e6cc, 耗时: 3.93秒
2025-01-22 13:55:57,974 - core.podcast - INFO - 保存了 39 个剧集到: /Users/hsiangyu/Inbox/Podcast2RSS/data/episodes/6194d973c14c9a0db82de1ea.json
2025-01-22 13:55:57,974 - core.podcast - INFO - 获取到 39 个剧集
2025-01-22 13:55:57,974 - core.podcast - INFO - 处理完成: 6194d973c14c9a0db82de1ea, 耗时: 0.79秒
2025-01-22 13:55:59,503 - core.podcast - INFO - 保存了 62 个剧集到: /Users/hsiangyu/Inbox/Podcast2RSS/data/episodes/6507bc165c88d2412626b401.json
2025-01-22 13:55:59,503 - core.podcast - INFO - 获取到 62 个剧集
2025-01-22 13:55:59,503 - core.podcast - INFO - 处理完成: 6507bc165c88d2412626b401, 耗时: 1.53秒
2025-01-22 13:56:00,724 - core.podcast - INFO - 保存了 60 个剧集到: /Users/hsiangyu/Inbox/Podcast2RSS/data/episodes/652fda39f071cb959eef1af4.json
2025-01-22 13:56:00,724 - core.podcast - INFO - 获取到 60 个剧集
2025-01-22 13:56:00,724 - core.podcast - INFO - 处理完成: 652fda39f071cb959eef1af4, 耗时: 1.22秒
2025-01-22 13:56:01,900 - core.podcast - INFO - 保存了 52 个剧集到: /Users/hsiangyu/Inbox/Podcast2RSS/data/episodes/63b7c6697dcc05cd33b51cd5.json
2025-01-22 13:56:01,901 - core.podcast - INFO - 获取到 52 个剧集
2025-01-22 13:56:01,901 - core.podcast - INFO - 处理完成: 63b7c6697dcc05cd33b51cd5, 耗时: 1.18秒
2025-01-22 13:56:03,363 - core.podcast - INFO - 保存了 78 个剧集到: /Users/hsiangyu/Inbox/Podcast2RSS/data/episodes/62f0866a8591545f27dc71fb.json
2025-01-22 13:56:03,363 - core.podcast - INFO - 获取到 78 个剧集
2025-01-22 13:56:03,363 - core.podcast - INFO - 处理完成: 62f0866a8591545f27dc71fb, 耗时: 1.46秒
2025-01-22 13:56:05,313 - core.podcast - INFO - 保存了 99 个剧集到: /Users/hsiangyu/Inbox/Podcast2RSS/data/episodes/63d116e3fcf5756b51cc2d2a.json
2025-01-22 13:56:05,314 - core.podcast - INFO - 获取到 99 个剧集
2025-01-22 13:56:05,314 - core.podcast - INFO - 处理完成: 63d116e3fcf5756b51cc2d2a, 耗时: 1.95秒
2025-01-22 13:56:06,043 - core.podcast - INFO - 保存了 35 个剧集到: /Users/hsiangyu/Inbox/Podcast2RSS/data/episodes/60cdf955afc14743da17f815.json
2025-01-22 13:56:06,043 - core.podcast - INFO - 获取到 35 个剧集
2025-01-22 13:56:06,043 - core.podcast - INFO - 处理完成: 60cdf955afc14743da17f815, 耗时: 0.73秒
2025-01-22 13:56:07,698 - core.podcast - INFO - 保存了 79 个剧集到: /Users/hsiangyu/Inbox/Podcast2RSS/data/episodes/649bee3e9adaa9a414ad02cf.json
2025-01-22 13:56:07,698 - core.podcast - INFO - 获取到 79 个剧集
2025-01-22 13:56:07,699 - core.podcast - INFO - 处理完成: 649bee3e9adaa9a414ad02cf, 耗时: 1.66秒
2025-01-22 13:56:09,379 - core.podcast - INFO - 保存了 82 个剧集到: /Users/hsiangyu/Inbox/Podcast2RSS/data/episodes/606547c8e5c273d2a3689a3e.json
2025-01-22 13:56:09,379 - core.podcast - INFO - 获取到 82 个剧集
2025-01-22 13:56:09,379 - core.podcast - INFO - 处理完成: 606547c8e5c273d2a3689a3e, 耗时: 1.68秒
2025-01-22 13:56:11,297 - core.podcast - INFO - 保存了 78 个剧集到: /Users/hsiangyu/Inbox/Podcast2RSS/data/episodes/6120baa0e1fc02d91e3519ae.json
2025-01-22 13:56:11,297 - core.podcast - INFO - 获取到 78 个剧集
2025-01-22 13:56:11,297 - core.podcast - INFO - 处理完成: 6120baa0e1fc02d91e3519ae, 耗时: 1.92秒
2025-01-22 13:56:11,915 - core.podcast - INFO - 保存了 28 个剧集到: /Users/hsiangyu/Inbox/Podcast2RSS/data/episodes/5e7eb85d418a84a0465eda82.json
2025-01-22 13:56:11,915 - core.podcast - INFO - 获取到 28 个剧集
2025-01-22 13:56:11,916 - core.podcast - INFO - 处理完成: 5e7eb85d418a84a0465eda82, 耗时: 0.62秒
2025-01-22 13:56:13,344 - core.podcast - INFO - 保存了 66 个剧集到: /Users/hsiangyu/Inbox/Podcast2RSS/data/episodes/604f3cd042d469df009c3e0d.json
2025-01-22 13:56:13,344 - core.podcast - INFO - 获取到 66 个剧集
2025-01-22 13:56:13,344 - core.podcast - INFO - 处理完成: 604f3cd042d469df009c3e0d, 耗时: 1.43秒
2025-01-22 13:56:14,701 - core.podcast - INFO - 保存了 69 个剧集到: /Users/hsiangyu/Inbox/Podcast2RSS/data/episodes/5f33c9c59504bbdb779dffd5.json
2025-01-22 13:56:14,702 - core.podcast - INFO - 获取到 69 个剧集
2025-01-22 13:56:14,702 - core.podcast - INFO - 处理完成: 5f33c9c59504bbdb779dffd5, 耗时: 1.36秒
2025-01-22 13:56:15,167 - core.podcast - INFO - 保存了 16 个剧集到: /Users/hsiangyu/Inbox/Podcast2RSS/data/episodes/60abca02eb3e72d92188a49d.json
2025-01-22 13:56:15,167 - core.podcast - INFO - 获取到 16 个剧集
2025-01-22 13:56:15,167 - core.podcast - INFO - 处理完成: 60abca02eb3e72d92188a49d, 耗时: 0.47秒
2025-01-22 13:56:17,566 - core.podcast - INFO - 保存了 123 个剧集到: /Users/hsiangyu/Inbox/Podcast2RSS/data/episodes/6300f3f22427ab3f84afacc4.json
2025-01-22 13:56:17,567 - core.podcast - INFO - 获取到 123 个剧集
2025-01-22 13:56:17,567 - core.podcast - INFO - 处理完成: 6300f3f22427ab3f84afacc4, 耗时: 2.40秒
2025-01-22 13:56:18,052 - core.podcast - INFO - 保存了 27 个剧集到: /Users/hsiangyu/Inbox/Podcast2RSS/data/episodes/6020f8140c19368f750c631e.json
2025-01-22 13:56:18,052 - core.podcast - INFO - 获取到 27 个剧集
2025-01-22 13:56:18,053 - core.podcast - INFO - 处理完成: 6020f8140c19368f750c631e, 耗时: 0.49秒
2025-01-22 13:56:21,089 - core.podcast - INFO - 保存了 145 个剧集到: /Users/hsiangyu/Inbox/Podcast2RSS/data/episodes/62382c1103bea1ebfffa1c00.json
2025-01-22 13:56:21,089 - core.podcast - INFO - 获取到 145 个剧集
2025-01-22 13:56:21,090 - core.podcast - INFO - 处理完成: 62382c1103bea1ebfffa1c00, 耗时: 3.04秒
2025-01-22 13:56:23,963 - core.podcast - INFO - 保存了 159 个剧集到: /Users/hsiangyu/Inbox/Podcast2RSS/data/episodes/6023c77a258bb5afeca71ff1.json
2025-01-22 13:56:23,963 - core.podcast - INFO - 获取到 159 个剧集
2025-01-22 13:56:23,963 - core.podcast - INFO - 处理完成: 6023c77a258bb5afeca71ff1, 耗时: 2.87秒
2025-01-22 13:56:49,186 - core.podcast - INFO - 保存了 670 个剧集到: /Users/hsiangyu/Inbox/Podcast2RSS/data/episodes/60de7c003dd577b40d5a40f3.json
2025-01-22 13:56:49,187 - core.podcast - INFO - 获取到 670 个剧集
2025-01-22 13:56:49,187 - core.podcast - INFO - 处理完成: 60de7c003dd577b40d5a40f3, 耗时: 25.22秒
2025-01-22 13:56:54,878 - core.podcast - INFO - 保存了 257 个剧集到: /Users/hsiangyu/Inbox/Podcast2RSS/data/episodes/5e7cc741418a84a046b0c2bd.json
2025-01-22 13:56:54,878 - core.podcast - INFO - 获取到 257 个剧集
2025-01-22 13:56:54,878 - core.podcast - INFO - 处理完成: 5e7cc741418a84a046b0c2bd, 耗时: 5.69秒
2025-01-22 13:56:55,685 - core.podcast - INFO - 保存了 34 个剧集到: /Users/hsiangyu/Inbox/Podcast2RSS/data/episodes/610d156f5df6959814391430.json
2025-01-22 13:56:55,685 - core.podcast - INFO - 获取到 34 个剧集
2025-01-22 13:56:55,685 - core.podcast - INFO - 处理完成: 610d156f5df6959814391430, 耗时: 0.81秒
2025-01-22 13:56:56,520 - core.podcast - INFO - 保存了 37 个剧集到: /Users/hsiangyu/Inbox/Podcast2RSS/data/episodes/611719d3cb0b82e1df0ad29e.json
2025-01-22 13:56:56,521 - core.podcast - INFO - 获取到 37 个剧集
2025-01-22 13:56:56,521 - core.podcast - INFO - 处理完成: 611719d3cb0b82e1df0ad29e, 耗时: 0.84秒
2025-01-22 13:56:57,885 - core.podcast - INFO - 保存了 70 个剧集到: /Users/hsiangyu/Inbox/Podcast2RSS/data/episodes/5e284e0c418a84a0462693e4.json
2025-01-22 13:56:57,885 - core.podcast - INFO - 获取到 70 个剧集
2025-01-22 13:56:57,885 - core.podcast - INFO - 处理完成: 5e284e0c418a84a0462693e4, 耗时: 1.36秒
2025-01-22 13:57:00,226 - core.podcast - INFO - 保存了 117 个剧集到: /Users/hsiangyu/Inbox/Podcast2RSS/data/episodes/5f56592d83c34e85dd9b6d53.json
2025-01-22 13:57:00,227 - core.podcast - INFO - 获取到 117 个剧集
2025-01-22 13:57:00,227 - core.podcast - INFO - 处理完成: 5f56592d83c34e85dd9b6d53, 耗时: 2.34秒
2025-01-22 13:57:03,101 - core.podcast - INFO - 保存了 128 个剧集到: /Users/hsiangyu/Inbox/Podcast2RSS/data/episodes/6049a089b875ad149b233c55.json
2025-01-22 13:57:03,101 - core.podcast - INFO - 获取到 128 个剧集
2025-01-22 13:57:03,101 - core.podcast - INFO - 处理完成: 6049a089b875ad149b233c55, 耗时: 2.87秒
2025-01-22 13:57:07,527 - core.podcast - INFO - 保存了 252 个剧集到: /Users/hsiangyu/Inbox/Podcast2RSS/data/episodes/5e7cccf8418a84a046c4e7f9.json
2025-01-22 13:57:07,527 - core.podcast - INFO - 获取到 252 个剧集
2025-01-22 13:57:07,527 - core.podcast - INFO - 处理完成: 5e7cccf8418a84a046c4e7f9, 耗时: 4.43秒
2025-01-22 13:57:08,712 - core.podcast - INFO - 保存了 58 个剧集到: /Users/hsiangyu/Inbox/Podcast2RSS/data/episodes/5f445cdb9504bbdb77f092e9.json
2025-01-22 13:57:08,712 - core.podcast - INFO - 获取到 58 个剧集
2025-01-22 13:57:08,712 - core.podcast - INFO - 处理完成: 5f445cdb9504bbdb77f092e9, 耗时: 1.19秒
2025-01-22 13:57:15,257 - core.podcast - INFO - 保存了 318 个剧集到: /Users/hsiangyu/Inbox/Podcast2RSS/data/episodes/5e280fa8418a84a0461f9384.json
2025-01-22 13:57:15,258 - core.podcast - INFO - 获取到 318 个剧集
2025-01-22 13:57:15,258 - core.podcast - INFO - 处理完成: 5e280fa8418a84a0461f9384, 耗时: 6.55秒
2025-01-22 13:57:20,379 - core.podcast - INFO - 保存了 273 个剧集到: /Users/hsiangyu/Inbox/Podcast2RSS/data/episodes/5e4515bd418a84a046e2b11a.json
2025-01-22 13:57:20,380 - core.podcast - INFO - 获取到 273 个剧集
2025-01-22 13:57:20,380 - core.podcast - INFO - 处理完成: 5e4515bd418a84a046e2b11a, 耗时: 5.12秒
2025-01-22 13:57:22,019 - core.podcast - INFO - 保存了 90 个剧集到: /Users/hsiangyu/Inbox/Podcast2RSS/data/episodes/5e280fb1418a84a0461fc892.json
2025-01-22 13:57:22,019 - core.podcast - INFO - 获取到 90 个剧集
2025-01-22 13:57:22,019 - core.podcast - INFO - 处理完成: 5e280fb1418a84a0461fc892, 耗时: 1.64秒
2025-01-22 13:57:29,096 - core.podcast - INFO - 保存了 348 个剧集到: /Users/hsiangyu/Inbox/Podcast2RSS/data/episodes/5e2831ed418a84a046231c00.json
2025-01-22 13:57:29,096 - core.podcast - INFO - 获取到 348 个剧集
2025-01-22 13:57:29,096 - core.podcast - INFO - 处理完成: 5e2831ed418a84a046231c00, 耗时: 7.08秒
2025-01-22 13:57:38,758 - core.podcast - INFO - 保存了 472 个剧集到: /Users/hsiangyu/Inbox/Podcast2RSS/data/episodes/5e4ee557418a84a0466737b7.json
2025-01-22 13:57:38,759 - core.podcast - INFO - 获取到 472 个剧集
2025-01-22 13:57:38,760 - core.podcast - INFO - 处理完成: 5e4ee557418a84a0466737b7, 耗时: 9.66秒
2025-01-22 13:57:38,767 - __main__ - INFO - [1/50] 开始处理播客：浪潮之巅
2025-01-22 13:57:38,768 - __main__ - INFO - 正在处理播客: 63c534ba100c9300109380d9
2025-01-22 13:57:38,768 - __main__ - ERROR - 处理播客 浪潮之巅 时发生错误：name 'storage' is not defined
2025-01-22 13:57:38,768 - __main__ - INFO - [2/50] 开始处理播客：出海相对论
2025-01-22 13:57:38,768 - __main__ - INFO - 正在处理播客: 63b7dd49289d2739647d9587
2025-01-22 13:57:38,768 - __main__ - ERROR - 处理播客 出海相对论 时发生错误：name 'storage' is not defined
2025-01-22 13:57:38,768 - __main__ - INFO - [3/50] 开始处理播客：人民公园说AI
2025-01-22 13:57:38,768 - __main__ - INFO - 正在处理播客: 65257ff6e8ce9deaf70a65e9
2025-01-22 13:57:38,768 - __main__ - ERROR - 处理播客 人民公园说AI 时发生错误：name 'storage' is not defined
2025-01-22 13:57:38,768 - __main__ - INFO - [4/50] 开始处理播客：起朱楼宴宾客
2025-01-22 13:57:38,769 - __main__ - INFO - 正在处理播客: 61dd99a47b29652ff572257b
2025-01-22 13:57:38,770 - __main__ - ERROR - 处理播客 起朱楼宴宾客 时发生错误：name 'storage' is not defined
2025-01-22 13:57:38,770 - __main__ - INFO - [5/50] 开始处理播客：面基
2025-01-22 13:57:38,771 - __main__ - INFO - 正在处理播客: 6388760f22567e8ea6ad070f
2025-01-22 13:57:38,771 - __main__ - ERROR - 处理播客 面基 时发生错误：name 'storage' is not defined
2025-01-22 13:57:38,771 - __main__ - INFO - [6/50] 开始处理播客：42章经
2025-01-22 13:57:38,772 - __main__ - INFO - 正在处理播客: 648b0b641c48983391a63f98
2025-01-22 13:57:38,772 - __main__ - ERROR - 处理播客 42章经 时发生错误：name 'storage' is not defined
2025-01-22 13:57:38,772 - __main__ - INFO - [7/50] 开始处理播客：十字路口Crossing
2025-01-22 13:57:38,772 - __main__ - INFO - 正在处理播客: 60502e253c92d4f62c2a9577
2025-01-22 13:57:38,772 - __main__ - ERROR - 处理播客 十字路口Crossing 时发生错误：name 'storage' is not defined
2025-01-22 13:57:38,773 - __main__ - INFO - [8/50] 开始处理播客：商业就是这样
2025-01-22 13:57:38,773 - __main__ - INFO - 正在处理播客: 6022a180ef5fdaddc30bb101
2025-01-22 13:57:38,773 - __main__ - ERROR - 处理播客 商业就是这样 时发生错误：name 'storage' is not defined
2025-01-22 13:57:38,774 - __main__ - INFO - [9/50] 开始处理播客：疯投圈
2025-01-22 13:57:38,774 - __main__ - INFO - 正在处理播客: 5e280faf418a84a0461fbd39
2025-01-22 13:57:38,774 - __main__ - ERROR - 处理播客 疯投圈 时发生错误：name 'storage' is not defined
2025-01-22 13:57:38,774 - __main__ - INFO - [10/50] 开始处理播客：乱翻书
2025-01-22 13:57:38,774 - __main__ - INFO - 正在处理播客: 61358d971c5d56efe5bcb5d2
2025-01-22 13:57:38,774 - __main__ - ERROR - 处理播客 乱翻书 时发生错误：name 'storage' is not defined
2025-01-22 13:57:38,774 - __main__ - INFO - [11/50] 开始处理播客：高能量
2025-01-22 13:57:38,774 - __main__ - INFO - 正在处理播客: 62c6ae08c4eaa82b112b9c84
2025-01-22 13:57:38,774 - __main__ - ERROR - 处理播客 高能量 时发生错误：name 'storage' is not defined
2025-01-22 13:57:38,774 - __main__ - INFO - [12/50] 开始处理播客：电影巨辩
2025-01-22 13:57:38,775 - __main__ - INFO - 正在处理播客: 64259df8179eec5331c4aecc
2025-01-22 13:57:38,775 - __main__ - ERROR - 处理播客 电影巨辩 时发生错误：name 'storage' is not defined
2025-01-22 13:57:38,775 - __main__ - INFO - [13/50] 开始处理播客：此话当真
2025-01-22 13:57:38,775 - __main__ - INFO - 正在处理播客: 646f194853a5e5ea1408d97c
2025-01-22 13:57:38,775 - __main__ - ERROR - 处理播客 此话当真 时发生错误：name 'storage' is not defined
2025-01-22 13:57:38,775 - __main__ - INFO - [14/50] 开始处理播客：好公司研究院
2025-01-22 13:57:38,776 - __main__ - INFO - 正在处理播客: 658057ae3d1caa927acbaf60
2025-01-22 13:57:38,776 - __main__ - ERROR - 处理播客 好公司研究院 时发生错误：name 'storage' is not defined
2025-01-22 13:57:38,776 - __main__ - INFO - [15/50] 开始处理播客：二维吾码
2025-01-22 13:57:38,776 - __main__ - INFO - 正在处理播客: 5fe5b198dee9c1e16dfb9672
2025-01-22 13:57:38,776 - __main__ - ERROR - 处理播客 二维吾码 时发生错误：name 'storage' is not defined
2025-01-22 13:57:38,776 - __main__ - INFO - [16/50] 开始处理播客：OnBoard!
2025-01-22 13:57:38,776 - __main__ - INFO - 正在处理播客: 61cbaac48bb4cd867fcabe22
2025-01-22 13:57:38,777 - __main__ - ERROR - 处理播客 OnBoard! 时发生错误：name 'storage' is not defined
2025-01-22 13:57:38,777 - __main__ - INFO - [17/50] 开始处理播客：得意忘形
2025-01-22 13:57:38,777 - __main__ - INFO - 正在处理播客: 5e74543a418a84a046c4e50e
2025-01-22 13:57:38,777 - __main__ - ERROR - 处理播客 得意忘形 时发生错误：name 'storage' is not defined
2025-01-22 13:57:38,777 - __main__ - INFO - [18/50] 开始处理播客：硅谷101
2025-01-22 13:57:38,777 - __main__ - INFO - 正在处理播客: 5e5c52c9418a84a04625e6cc
2025-01-22 13:57:38,777 - __main__ - ERROR - 处理播客 硅谷101 时发生错误：name 'storage' is not defined
2025-01-22 13:57:38,777 - __main__ - INFO - [19/50] 开始处理播客：代码之外 Beyond Code
2025-01-22 13:57:38,778 - __main__ - INFO - 正在处理播客: 6194d973c14c9a0db82de1ea
2025-01-22 13:57:38,778 - __main__ - ERROR - 处理播客 代码之外 Beyond Code 时发生错误：name 'storage' is not defined
2025-01-22 13:57:38,778 - __main__ - INFO - [20/50] 开始处理播客：屠龙之术
2025-01-22 13:57:38,778 - __main__ - INFO - 正在处理播客: 6507bc165c88d2412626b401
2025-01-22 13:57:38,779 - __main__ - ERROR - 处理播客 屠龙之术 时发生错误：name 'storage' is not defined
2025-01-22 13:57:38,779 - __main__ - INFO - [21/50] 开始处理播客：虚实之间True Imagination
2025-01-22 13:57:38,779 - __main__ - INFO - 正在处理播客: 652fda39f071cb959eef1af4
2025-01-22 13:57:38,779 - __main__ - ERROR - 处理播客 虚实之间True Imagination 时发生错误：name 'storage' is not defined
2025-01-22 13:57:38,780 - __main__ - INFO - [22/50] 开始处理播客：除你武器
2025-01-22 13:57:38,780 - __main__ - INFO - 正在处理播客: 63b7c6697dcc05cd33b51cd5
2025-01-22 13:57:38,780 - __main__ - ERROR - 处理播客 除你武器 时发生错误：name 'storage' is not defined
2025-01-22 13:57:38,781 - __main__ - INFO - [23/50] 开始处理播客：外部性
2025-01-22 13:57:38,781 - __main__ - INFO - 正在处理播客: 62f0866a8591545f27dc71fb
2025-01-22 13:57:38,781 - __main__ - ERROR - 处理播客 外部性 时发生错误：name 'storage' is not defined
2025-01-22 13:57:38,781 - __main__ - INFO - [24/50] 开始处理播客：身边人
2025-01-22 13:57:38,781 - __main__ - INFO - 正在处理播客: 63d116e3fcf5756b51cc2d2a
2025-01-22 13:57:38,782 - __main__ - ERROR - 处理播客 身边人 时发生错误：name 'storage' is not defined
2025-01-22 13:57:38,782 - __main__ - INFO - [25/50] 开始处理播客：步履不停 Endless Journey
2025-01-22 13:57:38,782 - __main__ - INFO - 正在处理播客: 60cdf955afc14743da17f815
2025-01-22 13:57:38,782 - __main__ - ERROR - 处理播客 步履不停 Endless Journey 时发生错误：name 'storage' is not defined
2025-01-22 13:57:38,782 - __main__ - INFO - [26/50] 开始处理播客：满地找钱
2025-01-22 13:57:38,782 - __main__ - INFO - 正在处理播客: 649bee3e9adaa9a414ad02cf
2025-01-22 13:57:38,783 - __main__ - ERROR - 处理播客 满地找钱 时发生错误：name 'storage' is not defined
2025-01-22 13:57:38,783 - __main__ - INFO - [27/50] 开始处理播客：组织进化论
2025-01-22 13:57:38,783 - __main__ - INFO - 正在处理播客: 606547c8e5c273d2a3689a3e
2025-01-22 13:57:38,783 - __main__ - ERROR - 处理播客 组织进化论 时发生错误：name 'storage' is not defined
2025-01-22 13:57:38,783 - __main__ - INFO - [28/50] 开始处理播客：Coffeeplus播客
2025-01-22 13:57:38,784 - __main__ - INFO - 正在处理播客: 6120baa0e1fc02d91e3519ae
2025-01-22 13:57:38,784 - __main__ - ERROR - 处理播客 Coffeeplus播客 时发生错误：name 'storage' is not defined
2025-01-22 13:57:38,784 - __main__ - INFO - [29/50] 开始处理播客：Traders' Talk
2025-01-22 13:57:38,784 - __main__ - INFO - 正在处理播客: 5e7eb85d418a84a0465eda82
2025-01-22 13:57:38,784 - __main__ - ERROR - 处理播客 Traders' Talk 时发生错误：name 'storage' is not defined
2025-01-22 13:57:38,786 - __main__ - INFO - [30/50] 开始处理播客：闪光少女
2025-01-22 13:57:38,786 - __main__ - INFO - 正在处理播客: 604f3cd042d469df009c3e0d
2025-01-22 13:57:38,786 - __main__ - ERROR - 处理播客 闪光少女 时发生错误：name 'storage' is not defined
2025-01-22 13:57:38,786 - __main__ - INFO - [31/50] 开始处理播客：Buidler Talk｜Web3 对谈
2025-01-22 13:57:38,786 - __main__ - INFO - 正在处理播客: 5f33c9c59504bbdb779dffd5
2025-01-22 13:57:38,787 - __main__ - ERROR - 处理播客 Buidler Talk｜Web3 对谈 时发生错误：name 'storage' is not defined
2025-01-22 13:57:38,787 - __main__ - INFO - [32/50] 开始处理播客：生存现场
2025-01-22 13:57:38,787 - __main__ - INFO - 正在处理播客: 60abca02eb3e72d92188a49d
2025-01-22 13:57:38,787 - __main__ - ERROR - 处理播客 生存现场 时发生错误：name 'storage' is not defined
2025-01-22 13:57:38,787 - __main__ - INFO - [33/50] 开始处理播客：体制内 | 小职员们的聊天局
2025-01-22 13:57:38,788 - __main__ - INFO - 正在处理播客: 6300f3f22427ab3f84afacc4
2025-01-22 13:57:38,788 - __main__ - ERROR - 处理播客 体制内 | 小职员们的聊天局 时发生错误：name 'storage' is not defined
2025-01-22 13:57:38,788 - __main__ - INFO - [34/50] 开始处理播客：八万四千
2025-01-22 13:57:38,788 - __main__ - INFO - 正在处理播客: 6020f8140c19368f750c631e
2025-01-22 13:57:38,788 - __main__ - ERROR - 处理播客 八万四千 时发生错误：name 'storage' is not defined
2025-01-22 13:57:38,788 - __main__ - INFO - [35/50] 开始处理播客：半拿铁 | 商业沉浮录
2025-01-22 13:57:38,790 - __main__ - INFO - 正在处理播客: 62382c1103bea1ebfffa1c00
2025-01-22 13:57:38,805 - __main__ - ERROR - 处理播客 半拿铁 | 商业沉浮录 时发生错误：name 'storage' is not defined
2025-01-22 13:57:38,805 - __main__ - INFO - [36/50] 开始处理播客：消费新知
2025-01-22 13:57:38,805 - __main__ - INFO - 正在处理播客: 6023c77a258bb5afeca71ff1
2025-01-22 13:57:38,805 - __main__ - ERROR - 处理播客 消费新知 时发生错误：name 'storage' is not defined
2025-01-22 13:57:38,806 - __main__ - INFO - [37/50] 开始处理播客：声动早咖啡
2025-01-22 13:57:38,806 - __main__ - INFO - 正在处理播客: 60de7c003dd577b40d5a40f3
2025-01-22 13:57:38,806 - __main__ - ERROR - 处理播客 声动早咖啡 时发生错误：name 'storage' is not defined
2025-01-22 13:57:38,806 - __main__ - INFO - [38/50] 开始处理播客：随机波动StochasticVolatility
2025-01-22 13:57:38,806 - __main__ - INFO - 正在处理播客: 5e7cc741418a84a046b0c2bd
2025-01-22 13:57:38,807 - __main__ - ERROR - 处理播客 随机波动StochasticVolatility 时发生错误：name 'storage' is not defined
2025-01-22 13:57:38,807 - __main__ - INFO - [39/50] 开始处理播客：中金研究院
2025-01-22 13:57:38,807 - __main__ - INFO - 正在处理播客: 610d156f5df6959814391430
2025-01-22 13:57:38,807 - __main__ - ERROR - 处理播客 中金研究院 时发生错误：name 'storage' is not defined
2025-01-22 13:57:38,809 - __main__ - INFO - [40/50] 开始处理播客：无人知晓
2025-01-22 13:57:38,810 - __main__ - INFO - 正在处理播客: 611719d3cb0b82e1df0ad29e
2025-01-22 13:57:38,810 - __main__ - ERROR - 处理播客 无人知晓 时发生错误：name 'storage' is not defined
2025-01-22 13:57:38,810 - __main__ - INFO - [41/50] 开始处理播客：内核恐慌
2025-01-22 13:57:38,811 - __main__ - INFO - 正在处理播客: 5e284e0c418a84a0462693e4
2025-01-22 13:57:38,811 - __main__ - ERROR - 处理播客 内核恐慌 时发生错误：name 'storage' is not defined
2025-01-22 13:57:38,813 - __main__ - INFO - [42/50] 开始处理播客：限时肤浅
2025-01-22 13:57:38,814 - __main__ - INFO - 正在处理播客: 5f56592d83c34e85dd9b6d53
2025-01-22 13:57:38,814 - __main__ - ERROR - 处理播客 限时肤浅 时发生错误：name 'storage' is not defined
2025-01-22 13:57:38,814 - __main__ - INFO - [43/50] 开始处理播客：问题青年
2025-01-22 13:57:38,814 - __main__ - INFO - 正在处理播客: 6049a089b875ad149b233c55
2025-01-22 13:57:38,814 - __main__ - ERROR - 处理播客 问题青年 时发生错误：name 'storage' is not defined
2025-01-22 13:57:38,814 - __main__ - INFO - [44/50] 开始处理播客：创业内幕 Startup Insider
2025-01-22 13:57:38,814 - __main__ - INFO - 正在处理播客: 5e7cccf8418a84a046c4e7f9
2025-01-22 13:57:38,815 - __main__ - ERROR - 处理播客 创业内幕 Startup Insider 时发生错误：name 'storage' is not defined
2025-01-22 13:57:38,815 - __main__ - INFO - [45/50] 开始处理播客：泡腾 VC
2025-01-22 13:57:38,815 - __main__ - INFO - 正在处理播客: 5f445cdb9504bbdb77f092e9
2025-01-22 13:57:38,815 - __main__ - ERROR - 处理播客 泡腾 VC 时发生错误：name 'storage' is not defined
2025-01-22 13:57:38,815 - __main__ - INFO - [46/50] 开始处理播客：无时差研究所
2025-01-22 13:57:38,815 - __main__ - INFO - 正在处理播客: 5e280fa8418a84a0461f9384
2025-01-22 13:57:38,815 - __main__ - ERROR - 处理播客 无时差研究所 时发生错误：name 'storage' is not defined
2025-01-22 13:57:38,816 - __main__ - INFO - [47/50] 开始处理播客：文化有限
2025-01-22 13:57:38,817 - __main__ - INFO - 正在处理播客: 5e4515bd418a84a046e2b11a
2025-01-22 13:57:38,817 - __main__ - ERROR - 处理播客 文化有限 时发生错误：name 'storage' is not defined
2025-01-22 13:57:38,817 - __main__ - INFO - [48/50] 开始处理播客：一天世界
2025-01-22 13:57:38,817 - __main__ - INFO - 正在处理播客: 5e280fb1418a84a0461fc892
2025-01-22 13:57:38,818 - __main__ - ERROR - 处理播客 一天世界 时发生错误：name 'storage' is not defined
2025-01-22 13:57:38,818 - __main__ - INFO - [49/50] 开始处理播客：声东击西
2025-01-22 13:57:38,818 - __main__ - INFO - 正在处理播客: 5e2831ed418a84a046231c00
2025-01-22 13:57:38,819 - __main__ - ERROR - 处理播客 声东击西 时发生错误：name 'storage' is not defined
2025-01-22 13:57:38,820 - __main__ - INFO - [50/50] 开始处理播客：忽左忽右
2025-01-22 13:57:38,820 - __main__ - INFO - 正在处理播客: 5e4ee557418a84a0466737b7
2025-01-22 13:57:38,820 - __main__ - ERROR - 处理播客 忽左忽右 时发生错误：name 'storage' is not defined
2025-01-22 13:57:38,820 - __main__ - INFO - 所有播客处理完成，总耗时：146.66秒
